This is pdfTeX, Version 3.14159265-2.6-1.40.15 (TeX Live 2014) (preloaded format=pdflatex 2014.5.25)  27 APR 2015 02:19
entering extended mode
 restricted \write18 enabled.
 file:line:error style messages enabled.
 %&-line parsing enabled.
**FVS.tex
(./FVS.tex
LaTeX2e <2014/05/01>
Babel <3.9k> and hyphenation patterns for 78 languages loaded.
(/usr/local/texlive/2014/texmf-dist/tex/latex/base/article.cls
Document Class: article 2007/10/19 v1.4h Standard LaTeX document class
(/usr/local/texlive/2014/texmf-dist/tex/latex/base/size12.clo
File: size12.clo 2007/10/19 v1.4h Standard LaTeX file (size option)
)
\c@part=\count79
\c@section=\count80
\c@subsection=\count81
\c@subsubsection=\count82
\c@paragraph=\count83
\c@subparagraph=\count84
\c@figure=\count85
\c@table=\count86
\abovecaptionskip=\skip41
\belowcaptionskip=\skip42
\bibindent=\dimen102
)
(/usr/local/texlive/2014/texmf-dist/tex/latex/hyperref/hyperref.sty
Package: hyperref 2012/11/06 v6.83m Hypertext links for LaTeX

(/usr/local/texlive/2014/texmf-dist/tex/generic/oberdiek/hobsub-hyperref.sty
Package: hobsub-hyperref 2012/05/28 v1.13 Bundle oberdiek, subset hyperref (HO)


(/usr/local/texlive/2014/texmf-dist/tex/generic/oberdiek/hobsub-generic.sty
Package: hobsub-generic 2012/05/28 v1.13 Bundle oberdiek, subset generic (HO)
Package: hobsub 2012/05/28 v1.13 Construct package bundles (HO)
Package: infwarerr 2010/04/08 v1.3 Providing info/warning/error messages (HO)
Package: ltxcmds 2011/11/09 v1.22 LaTeX kernel commands for general use (HO)
Package: ifluatex 2010/03/01 v1.3 Provides the ifluatex switch (HO)
Package ifluatex Info: LuaTeX not detected.
Package: ifvtex 2010/03/01 v1.5 Detect VTeX and its facilities (HO)
Package ifvtex Info: VTeX not detected.
Package: intcalc 2007/09/27 v1.1 Expandable calculations with integers (HO)
Package: ifpdf 2011/01/30 v2.3 Provides the ifpdf switch (HO)
Package ifpdf Info: pdfTeX in PDF mode is detected.
Package: etexcmds 2011/02/16 v1.5 Avoid name clashes with e-TeX commands (HO)
Package etexcmds Info: Could not find \expanded.
(etexcmds)             That can mean that you are not using pdfTeX 1.50 or
(etexcmds)             that some package has redefined \expanded.
(etexcmds)             In the latter case, load this package earlier.
Package: kvsetkeys 2012/04/25 v1.16 Key value parser (HO)
Package: kvdefinekeys 2011/04/07 v1.3 Define keys (HO)
Package: pdftexcmds 2011/11/29 v0.20 Utility functions of pdfTeX for LuaTeX (HO
)
Package pdftexcmds Info: LuaTeX not detected.
Package pdftexcmds Info: \pdf@primitive is available.
Package pdftexcmds Info: \pdf@ifprimitive is available.
Package pdftexcmds Info: \pdfdraftmode found.
Package: pdfescape 2011/11/25 v1.13 Implements pdfTeX's escape features (HO)
Package: bigintcalc 2012/04/08 v1.3 Expandable calculations on big integers (HO
)
Package: bitset 2011/01/30 v1.1 Handle bit-vector datatype (HO)
Package: uniquecounter 2011/01/30 v1.2 Provide unlimited unique counter (HO)
)
Package hobsub Info: Skipping package `hobsub' (already loaded).
Package: letltxmacro 2010/09/02 v1.4 Let assignment for LaTeX macros (HO)
Package: hopatch 2012/05/28 v1.2 Wrapper for package hooks (HO)
Package: xcolor-patch 2011/01/30 xcolor patch
Package: atveryend 2011/06/30 v1.8 Hooks at the very end of document (HO)
Package atveryend Info: \enddocument detected (standard20110627).
Package: atbegshi 2011/10/05 v1.16 At begin shipout hook (HO)
Package: refcount 2011/10/16 v3.4 Data extraction from label references (HO)
Package: hycolor 2011/01/30 v1.7 Color options for hyperref/bookmark (HO)
)
(/usr/local/texlive/2014/texmf-dist/tex/latex/graphics/keyval.sty
Package: keyval 2014/05/08 v1.15 key=value parser (DPC)
\KV@toks@=\toks14
)
(/usr/local/texlive/2014/texmf-dist/tex/generic/ifxetex/ifxetex.sty
Package: ifxetex 2010/09/12 v0.6 Provides ifxetex conditional
)
(/usr/local/texlive/2014/texmf-dist/tex/latex/oberdiek/auxhook.sty
Package: auxhook 2011/03/04 v1.3 Hooks for auxiliary files (HO)
)
(/usr/local/texlive/2014/texmf-dist/tex/latex/oberdiek/kvoptions.sty
Package: kvoptions 2011/06/30 v3.11 Key value format for package options (HO)
)
\@linkdim=\dimen103
\Hy@linkcounter=\count87
\Hy@pagecounter=\count88

(/usr/local/texlive/2014/texmf-dist/tex/latex/hyperref/pd1enc.def
File: pd1enc.def 2012/11/06 v6.83m Hyperref: PDFDocEncoding definition (HO)
)
\Hy@SavedSpaceFactor=\count89

(/usr/local/texlive/2014/texmf-dist/tex/latex/latexconfig/hyperref.cfg
File: hyperref.cfg 2002/06/06 v1.2 hyperref configuration of TeXLive
)
Package hyperref Info: Hyper figures OFF on input line 4443.
Package hyperref Info: Link nesting OFF on input line 4448.
Package hyperref Info: Hyper index ON on input line 4451.
Package hyperref Info: Plain pages OFF on input line 4458.
Package hyperref Info: Backreferencing OFF on input line 4463.
Package hyperref Info: Implicit mode ON; LaTeX internals redefined.
Package hyperref Info: Bookmarks ON on input line 4688.
\c@Hy@tempcnt=\count90

(/usr/local/texlive/2014/texmf-dist/tex/latex/url/url.sty
\Urlmuskip=\muskip10
Package: url 2013/09/16  ver 3.4  Verb mode for urls, etc.
)
LaTeX Info: Redefining \url on input line 5041.
\XeTeXLinkMargin=\dimen104
\Fld@menulength=\count91
\Field@Width=\dimen105
\Fld@charsize=\dimen106
Package hyperref Info: Hyper figures OFF on input line 6295.
Package hyperref Info: Link nesting OFF on input line 6300.
Package hyperref Info: Hyper index ON on input line 6303.
Package hyperref Info: backreferencing OFF on input line 6310.
Package hyperref Info: Link coloring OFF on input line 6315.
Package hyperref Info: Link coloring with OCG OFF on input line 6320.
Package hyperref Info: PDF/A mode OFF on input line 6325.
LaTeX Info: Redefining \ref on input line 6365.
LaTeX Info: Redefining \pageref on input line 6369.
\Hy@abspage=\count92
\c@Item=\count93
\c@Hfootnote=\count94
)

Package hyperref Message: Driver (autodetected): hpdftex.

(/usr/local/texlive/2014/texmf-dist/tex/latex/hyperref/hpdftex.def
File: hpdftex.def 2012/11/06 v6.83m Hyperref driver for pdfTeX
\Fld@listcount=\count95
\c@bookmark@seq@number=\count96

(/usr/local/texlive/2014/texmf-dist/tex/latex/oberdiek/rerunfilecheck.sty
Package: rerunfilecheck 2011/04/15 v1.7 Rerun checks for auxiliary files (HO)
Package uniquecounter Info: New unique counter `rerunfilecheck' on input line 2
82.
)
\Hy@SectionHShift=\skip43
)
(/usr/local/texlive/2014/texmf-dist/tex/latex/tools/verbatim.sty
Package: verbatim 2003/08/22 v1.5q LaTeX2e package for verbatim enhancements
\every@verbatim=\toks15
\verbatim@line=\toks16
\verbatim@in@stream=\read1
)
(/usr/local/texlive/2014/texmf-dist/tex/latex/graphics/graphicx.sty
Package: graphicx 2014/04/25 v1.0g Enhanced LaTeX Graphics (DPC,SPQR)

(/usr/local/texlive/2014/texmf-dist/tex/latex/graphics/graphics.sty
Package: graphics 2009/02/05 v1.0o Standard LaTeX Graphics (DPC,SPQR)

(/usr/local/texlive/2014/texmf-dist/tex/latex/graphics/trig.sty
Package: trig 1999/03/16 v1.09 sin cos tan (DPC)
)
(/usr/local/texlive/2014/texmf-dist/tex/latex/latexconfig/graphics.cfg
File: graphics.cfg 2010/04/23 v1.9 graphics configuration of TeX Live
)
Package graphics Info: Driver file: pdftex.def on input line 91.

(/usr/local/texlive/2014/texmf-dist/tex/latex/pdftex-def/pdftex.def
File: pdftex.def 2011/05/27 v0.06d Graphics/color for pdfTeX
\Gread@gobject=\count97
))
\Gin@req@height=\dimen107
\Gin@req@width=\dimen108
)
(./FVS.aux)
\openout1 = `FVS.aux'.

LaTeX Font Info:    Checking defaults for OML/cmm/m/it on input line 30.
LaTeX Font Info:    ... okay on input line 30.
LaTeX Font Info:    Checking defaults for T1/cmr/m/n on input line 30.
LaTeX Font Info:    ... okay on input line 30.
LaTeX Font Info:    Checking defaults for OT1/cmr/m/n on input line 30.
LaTeX Font Info:    ... okay on input line 30.
LaTeX Font Info:    Checking defaults for OMS/cmsy/m/n on input line 30.
LaTeX Font Info:    ... okay on input line 30.
LaTeX Font Info:    Checking defaults for OMX/cmex/m/n on input line 30.
LaTeX Font Info:    ... okay on input line 30.
LaTeX Font Info:    Checking defaults for U/cmr/m/n on input line 30.
LaTeX Font Info:    ... okay on input line 30.
LaTeX Font Info:    Checking defaults for PD1/pdf/m/n on input line 30.
LaTeX Font Info:    ... okay on input line 30.
\AtBeginShipoutBox=\box26
Package hyperref Info: Link coloring OFF on input line 30.
 (/usr/local/texlive/2014/texmf-dist/tex/latex/hyperref/nameref.sty
Package: nameref 2012/10/27 v2.43 Cross-referencing by name of section

(/usr/local/texlive/2014/texmf-dist/tex/generic/oberdiek/gettitlestring.sty
Package: gettitlestring 2010/12/03 v1.4 Cleanup title references (HO)
)
\c@section@level=\count98
)
LaTeX Info: Redefining \ref on input line 30.
LaTeX Info: Redefining \pageref on input line 30.
LaTeX Info: Redefining \nameref on input line 30.

(./FVS.out) (./FVS.out)
\@outlinefile=\write3
\openout3 = `FVS.out'.


(/usr/local/texlive/2014/texmf-dist/tex/context/base/supp-pdf.mkii
[Loading MPS to PDF converter (version 2006.09.02).]
\scratchcounter=\count99
\scratchdimen=\dimen109
\scratchbox=\box27
\nofMPsegments=\count100
\nofMParguments=\count101
\everyMPshowfont=\toks17
\MPscratchCnt=\count102
\MPscratchDim=\dimen110
\MPnumerator=\count103
\makeMPintoPDFobject=\count104
\everyMPtoPDFconversion=\toks18
) (/usr/local/texlive/2014/texmf-dist/tex/latex/oberdiek/epstopdf-base.sty
Package: epstopdf-base 2010/02/09 v2.5 Base part for package epstopdf

(/usr/local/texlive/2014/texmf-dist/tex/latex/oberdiek/grfext.sty
Package: grfext 2010/08/19 v1.1 Manage graphics extensions (HO)
)
Package grfext Info: Graphics extension search list:
(grfext)             [.png,.pdf,.jpg,.mps,.jpeg,.jbig2,.jb2,.PNG,.PDF,.JPG,.JPE
G,.JBIG2,.JB2,.eps]
(grfext)             \AppendGraphicsExtensions on input line 452.

(/usr/local/texlive/2014/texmf-dist/tex/latex/latexconfig/epstopdf-sys.cfg
File: epstopdf-sys.cfg 2010/07/13 v1.3 Configuration of (r)epstopdf for TeX Liv
e
))
LaTeX Font Info:    External font `cmex10' loaded for size
(Font)              <14.4> on input line 32.
LaTeX Font Info:    External font `cmex10' loaded for size
(Font)              <7> on input line 32.

Underfull \vbox (badness 10000) has occurred while \output is active []

 [1

{/usr/local/texlive/2014/texmf-var/fonts/map/pdftex/updmap/pdftex.map}]
Underfull \hbox (badness 10000) in paragraph at lines 36--63

 []


Underfull \hbox (badness 10000) in paragraph at lines 36--63

 []


Underfull \hbox (badness 10000) in paragraph at lines 36--63

 []


Underfull \hbox (badness 10000) in paragraph at lines 36--63

 []


Underfull \hbox (badness 10000) in paragraph at lines 36--63

 []


Underfull \hbox (badness 10000) in paragraph at lines 36--63

 []


Underfull \hbox (badness 10000) in paragraph at lines 36--63

 []


Underfull \hbox (badness 10000) in paragraph at lines 36--63

 []


Underfull \hbox (badness 10000) in paragraph at lines 36--63

 []


Underfull \hbox (badness 10000) in paragraph at lines 36--63

 []


Underfull \hbox (badness 10000) in paragraph at lines 36--63

 []


Underfull \hbox (badness 10000) in paragraph at lines 36--63

 []


Underfull \hbox (badness 10000) in paragraph at lines 36--63

 []


Underfull \hbox (badness 10000) in paragraph at lines 36--63

 []


Underfull \hbox (badness 10000) in paragraph at lines 36--63

 []


Underfull \hbox (badness 10000) in paragraph at lines 36--63

 []


Underfull \hbox (badness 10000) in paragraph at lines 36--63

 []


Underfull \hbox (badness 10000) in paragraph at lines 36--63

 []


Underfull \hbox (badness 10000) in paragraph at lines 36--63

 []


Underfull \hbox (badness 10000) in paragraph at lines 36--63

 []


Underfull \hbox (badness 10000) in paragraph at lines 36--63

 []


Underfull \hbox (badness 10000) in paragraph at lines 36--63

 []


Underfull \hbox (badness 10000) in paragraph at lines 36--63

 []


Underfull \hbox (badness 10000) in paragraph at lines 36--63

 []


Underfull \hbox (badness 10000) in paragraph at lines 36--63

 []


Underfull \vbox (badness 10000) has occurred while \output is active []

 [2]
(./FVS.toc
LaTeX Font Info:    External font `cmex10' loaded for size
(Font)              <12> on input line 5.
LaTeX Font Info:    External font `cmex10' loaded for size
(Font)              <8> on input line 5.
LaTeX Font Info:    External font `cmex10' loaded for size
(Font)              <6> on input line 5.
)
\tf@toc=\write4
\openout4 = `FVS.toc'.


Underfull \hbox (badness 10000) in paragraph at lines 68--96

 []


Underfull \hbox (badness 10000) in paragraph at lines 68--96

 []


Underfull \hbox (badness 10000) in paragraph at lines 68--96

 []


Underfull \hbox (badness 10000) in paragraph at lines 68--96

 []


Underfull \hbox (badness 10000) in paragraph at lines 68--96

 []


Underfull \hbox (badness 10000) in paragraph at lines 68--96

 []


Underfull \hbox (badness 10000) in paragraph at lines 68--96

 []


Underfull \hbox (badness 10000) in paragraph at lines 68--96

 []


Underfull \hbox (badness 10000) in paragraph at lines 68--96

 []


Underfull \hbox (badness 10000) in paragraph at lines 68--96

 []


Underfull \hbox (badness 10000) in paragraph at lines 68--96

 []


Underfull \hbox (badness 10000) in paragraph at lines 68--96

 []


Underfull \hbox (badness 10000) in paragraph at lines 68--96

 []


Underfull \hbox (badness 10000) in paragraph at lines 68--96

 []


Underfull \hbox (badness 10000) in paragraph at lines 68--96

 []


Underfull \hbox (badness 10000) in paragraph at lines 68--96

 []


Underfull \hbox (badness 10000) in paragraph at lines 68--96

 []


Underfull \hbox (badness 10000) in paragraph at lines 68--96

 []


Underfull \hbox (badness 10000) in paragraph at lines 68--96

 []


Underfull \hbox (badness 10000) in paragraph at lines 68--96

 []


Underfull \hbox (badness 10000) in paragraph at lines 68--96

 []


Underfull \hbox (badness 10000) in paragraph at lines 68--96

 []


Underfull \hbox (badness 10000) in paragraph at lines 68--96

 []


Underfull \hbox (badness 10000) in paragraph at lines 68--96

 []


Underfull \hbox (badness 10000) in paragraph at lines 68--96

 []


Underfull \hbox (badness 10000) in paragraph at lines 68--96

 []

[3] <1.png, id=67, 474.77374pt x 102.3825pt>
File: 1.png Graphic file (type png)
 <use 1.png>
Package pdftex.def Info: 1.png used on input line 104.
(pdftex.def)             Requested size: 462.26999pt x 99.69052pt.

Underfull \hbox (badness 10000) in paragraph at lines 101--108

 []


Underfull \hbox (badness 10000) in paragraph at lines 101--108

 []


Underfull \hbox (badness 10000) in paragraph at lines 101--108

 []


./FVS.tex:112: LaTeX Error: Environment test undefined.

See the LaTeX manual or LaTeX Companion for explanation.
Type  H <return>  for immediate help.
 ...                                              
                                                  
l.112 every n-vertex graph, \begin{test}
                                         n \leq 3 \end{test} of minimum degr...

? s
OK, entering \scrollmode...
./FVS.tex:112: Missing $ inserted.
<inserted text> 
                $
l.112 every n-vertex graph, \begin{test} n \leq
                                                3 \end{test} of minimum degr...
I've inserted a begin-math/end-math symbol since I think
you left one out. Proceed, with fingers crossed.


./FVS.tex:112: LaTeX Error: \begin{document} ended by \end{test}.

See the LaTeX manual or LaTeX Companion for explanation.
Type  H <return>  for immediate help.
 ...                                              
                                                  
l.112 ...x graph, \begin{test} n \leq 3 \end{test}
                                                   of minimum degree at leas...

Your command was ignored.
Type  I <command> <return>  to replace it with another command,
or  <return>  to continue without it.

./FVS.tex:112: Missing $ inserted.
<inserted text> 
                $
l.112 ...x graph, \begin{test} n \leq 3 \end{test}
                                                   of minimum degree at leas...
I've inserted something that you may have forgotten.
(See the <inserted text> above.)
With luck, this will get me unwedged. But if you
really didn't forget anything, try typing `2' now; then
my insertion and my current dilemma will both disappear.


./FVS.tex:112: LaTeX Error: Environment test undefined.

See the LaTeX manual or LaTeX Companion for explanation.
Type  H <return>  for immediate help.
 ...                                              
                                                  
l.112 ...ved that there is a constant \begin{test}
                                                   \mu > \end{test}  0 such ...

Your command was ignored.
Type  I <command> <return>  to replace it with another command,
or  <return>  to continue without it.

./FVS.tex:112: Missing $ inserted.
<inserted text> 
                $
l.112 ...that there is a constant \begin{test} \mu
                                                   > \end{test}  0 such that...
I've inserted a begin-math/end-math symbol since I think
you left one out. Proceed, with fingers crossed.


./FVS.tex:112: LaTeX Error: \begin{document} ended by \end{test}.

See the LaTeX manual or LaTeX Companion for explanation.
Type  H <return>  for immediate help.
 ...                                              
                                                  
l.112 ... a constant \begin{test} \mu > \end{test}
                                                    0 such that for every \b...

Your command was ignored.
Type  I <command> <return>  to replace it with another command,
or  <return>  to continue without it.

./FVS.tex:112: Missing $ inserted.
<inserted text> 
                $
l.112 ... a constant \begin{test} \mu > \end{test}
                                                    0 such that for every \b...
I've inserted something that you may have forgotten.
(See the <inserted text> above.)
With luck, this will get me unwedged. But if you
really didn't forget anything, try typing `2' now; then
my insertion and my current dilemma will both disappear.


./FVS.tex:112: LaTeX Error: Environment test undefined.

See the LaTeX manual or LaTeX Companion for explanation.
Type  H <return>  for immediate help.
 ...                                              
                                                  
l.112 ...test}  0 such that for every \begin{test}
                                                   \mu \end{test}n-bounded i...

Your command was ignored.
Type  I <command> <return>  to replace it with another command,
or  <return>  to continue without it.

./FVS.tex:112: Missing $ inserted.
<inserted text> 
                $
l.112 ...}  0 such that for every \begin{test} \mu
                                                   \end{test}n-bounded incom...
I've inserted a begin-math/end-math symbol since I think
you left one out. Proceed, with fingers crossed.


./FVS.tex:112: LaTeX Error: \begin{document} ended by \end{test}.

See the LaTeX manual or LaTeX Companion for explanation.
Type  H <return>  for immediate help.
 ...                                              
                                                  
l.112 ...hat for every \begin{test} \mu \end{test}
                                                  n-bounded incompatibility ...

Your command was ignored.
Type  I <command> <return>  to replace it with another command,
or  <return>  to continue without it.

./FVS.tex:112: Missing $ inserted.
<inserted text> 
                $
l.112 ...hat for every \begin{test} \mu \end{test}
                                                  n-bounded incompatibility ...
I've inserted something that you may have forgotten.
(See the <inserted text> above.)
With luck, this will get me unwedged. But if you
really didn't forget anything, try typing `2' now; then
my insertion and my current dilemma will both disappear.


./FVS.tex:113: LaTeX Error: Environment test undefined.

See the LaTeX manual or LaTeX Companion for explanation.
Type  H <return>  for immediate help.
 ...                                              
                                                  
l.113 ...spect to Hamiltonicity is 1/2\begin{test}
                                                   \pm \end{test} o(1). For ...

Your command was ignored.
Type  I <command> <return>  to replace it with another command,
or  <return>  to continue without it.

./FVS.tex:113: Missing $ inserted.
<inserted text> 
                $
l.113 ...t to Hamiltonicity is 1/2\begin{test} \pm
                                                   \end{test} o(1). For rand...
I've inserted a begin-math/end-math symbol since I think
you left one out. Proceed, with fingers crossed.


./FVS.tex:113: LaTeX Error: \begin{document} ended by \end{test}.

See the LaTeX manual or LaTeX Companion for explanation.
Type  H <return>  for immediate help.
 ...                                              
                                                  
l.113 ...onicity is 1/2\begin{test} \pm \end{test}
                                                   o(1). For random directed...

Your command was ignored.
Type  I <command> <return>  to replace it with another command,
or  <return>  to continue without it.

./FVS.tex:113: Missing $ inserted.
<inserted text> 
                $
l.113 ...onicity is 1/2\begin{test} \pm \end{test}
                                                   o(1). For random directed...
I've inserted something that you may have forgotten.
(See the <inserted text> above.)
With luck, this will get me unwedged. But if you
really didn't forget anything, try typing `2' now; then
my insertion and my current dilemma will both disappear.


./FVS.tex:113: LaTeX Error: Environment test undefined.

See the LaTeX manual or LaTeX Companion for explanation.
Type  H <return>  for immediate help.
 ...                                              
                                                  
l.113 ...bability p = \emph{w} (log n/\begin{test}
                                                  \sqrt{n}\end{test}). Autho...

Your command was ignored.
Type  I <command> <return>  to replace it with another command,
or  <return>  to continue without it.

./FVS.tex:113: Missing $ inserted.
<inserted text> 
                $
l.113 ...ty p = \emph{w} (log n/\begin{test}\sqrt{
                                                  n}\end{test}). Authors in ...
I've inserted a begin-math/end-math symbol since I think
you left one out. Proceed, with fingers crossed.


./FVS.tex:113: LaTeX Error: \begin{document} ended by \end{test}.

See the LaTeX manual or LaTeX Companion for explanation.
Type  H <return>  for immediate help.
 ...                                              
                                                  
l.113 ...{w} (log n/\begin{test}\sqrt{n}\end{test}
                                                  ). Authors in this paper h...

Your command was ignored.
Type  I <command> <return>  to replace it with another command,
or  <return>  to continue without it.

./FVS.tex:113: Missing $ inserted.
<inserted text> 
                $
l.113 ...{w} (log n/\begin{test}\sqrt{n}\end{test}
                                                  ). Authors in this paper h...
I've inserted something that you may have forgotten.
(See the <inserted text> above.)
With luck, this will get me unwedged. But if you
really didn't forget anything, try typing `2' now; then
my insertion and my current dilemma will both disappear.


./FVS.tex:113: LaTeX Error: Environment test undefined.

See the LaTeX manual or LaTeX Companion for explanation.
Type  H <return>  for immediate help.
 ...                                              
                                                  
l.113 ...bability to p = \emph{w} (log\begin{test}
                                                  ^{8}\end{test}   n/n), whi...

Your command was ignored.
Type  I <command> <return>  to replace it with another command,
or  <return>  to continue without it.

./FVS.tex:113: Missing $ inserted.
<inserted text> 
                $
l.113 ...ability to p = \emph{w} (log\begin{test}^
                                                  {8}\end{test}   n/n), whic...
I've inserted a begin-math/end-math symbol since I think
you left one out. Proceed, with fingers crossed.


./FVS.tex:113: LaTeX Error: \begin{document} ended by \end{test}.

See the LaTeX manual or LaTeX Companion for explanation.
Type  H <return>  for immediate help.
 ...                                              
                                                  
l.113 ...= \emph{w} (log\begin{test}^{8}\end{test}
                                                     n/n), which is optimal ...

Your command was ignored.
Type  I <command> <return>  to replace it with another command,
or  <return>  to continue without it.

./FVS.tex:113: Missing $ inserted.
<inserted text> 
                $
l.113 ...= \emph{w} (log\begin{test}^{8}\end{test}
                                                     n/n), which is optimal ...
I've inserted something that you may have forgotten.
(See the <inserted text> above.)
With luck, this will get me unwedged. But if you
really didn't forget anything, try typing `2' now; then
my insertion and my current dilemma will both disappear.


./FVS.tex:116: LaTeX Error: Environment test undefined.

See the LaTeX manual or LaTeX Companion for explanation.
Type  H <return>  for immediate help.
 ...                                              
                                                  
l.116 ... TSP(k) on a Halin graph for \begin{test}
                                                   k \leq 3 \end{test}. \\ \\
Your command was ignored.
Type  I <command> <return>  to replace it with another command,
or  <return>  to continue without it.

./FVS.tex:116: Missing $ inserted.
<inserted text> 
                $
l.116 ... on a Halin graph for \begin{test} k \leq
                                                   3 \end{test}. \\ \\
I've inserted a begin-math/end-math symbol since I think
you left one out. Proceed, with fingers crossed.


./FVS.tex:116: LaTeX Error: \begin{document} ended by \end{test}.

See the LaTeX manual or LaTeX Companion for explanation.
Type  H <return>  for immediate help.
 ...                                              
                                                  
l.116 ...raph for \begin{test} k \leq 3 \end{test}
                                                  . \\ \\
Your command was ignored.
Type  I <command> <return>  to replace it with another command,
or  <return>  to continue without it.

./FVS.tex:116: Missing $ inserted.
<inserted text> 
                $
l.116 ...raph for \begin{test} k \leq 3 \end{test}
                                                  . \\ \\
I've inserted something that you may have forgotten.
(See the <inserted text> above.)
With luck, this will get me unwedged. But if you
really didn't forget anything, try typing `2' now; then
my insertion and my current dilemma will both disappear.


Underfull \hbox (badness 10000) in paragraph at lines 109--117

 []


Underfull \hbox (badness 10000) in paragraph at lines 109--117

 []


Underfull \hbox (badness 10000) in paragraph at lines 109--117

 []


Underfull \hbox (badness 10000) in paragraph at lines 109--117

 []


Underfull \hbox (badness 10000) in paragraph at lines 109--117

 []


Underfull \hbox (badness 10000) in paragraph at lines 109--117

 []

[4 <./1.png>] <2.png, id=76, 499.8675pt x 452.69125pt>
File: 2.png Graphic file (type png)
 <use 2.png>
Package pdftex.def Info: 2.png used on input line 118.
(pdftex.def)             Requested size: 199.94345pt x 181.07329pt.
 [5 <./2.png>]
LaTeX Font Info:    Try loading font information for OMS+cmr on input line 124.

 (/usr/local/texlive/2014/texmf-dist/tex/latex/base/omscmr.fd
File: omscmr.fd 1999/05/25 v2.5h Standard LaTeX font definitions
)
LaTeX Font Info:    Font shape `OMS/cmr/m/n' in size <12> not available
(Font)              Font shape `OMS/cmsy/m/n' tried instead on input line 124.

Underfull \hbox (badness 10000) in paragraph at lines 140--144

 []

<4.png, id=84, 565.1514pt x 354.6048pt>
File: 4.png Graphic file (type png)
 <use 4.png>
Package pdftex.def Info: 4.png used on input line 162.
(pdftex.def)             Requested size: 462.26999pt x 290.06357pt.
 [6]
Underfull \hbox (badness 10000) in paragraph at lines 167--169

 []

Missing character: There is no   in font cmr12!
Missing character: There is no   in font cmr12!
Missing character: There is no   in font cmr12!
Missing character: There is no   in font cmr12!
Missing character: There is no   in font cmr12!

Underfull \hbox (badness 10000) in paragraph at lines 175--177

 []

[7 <./4.png>]

./FVS.tex:179: LaTeX Error: Environment test undefined.

See the LaTeX manual or LaTeX Companion for explanation.
Type  H <return>  for immediate help.
 ...                                              
                                                  
l.179 ...efficient algorithms will be \begin{test}
                                                  O(n^2)\end{test}
Your command was ignored.
Type  I <command> <return>  to replace it with another command,
or  <return>  to continue without it.

./FVS.tex:179: Missing $ inserted.
<inserted text> 
                $
l.179 ...cient algorithms will be \begin{test}O(n^
                                                  2)\end{test}
I've inserted a begin-math/end-math symbol since I think
you left one out. Proceed, with fingers crossed.


./FVS.tex:179: LaTeX Error: \begin{itemize} on input line 177 ended by \end{tes
t}.

See the LaTeX manual or LaTeX Companion for explanation.
Type  H <return>  for immediate help.
 ...                                              
                                                  
l.179 ...thms will be \begin{test}O(n^2)\end{test}
                                                  
Your command was ignored.
Type  I <command> <return>  to replace it with another command,
or  <return>  to continue without it.

./FVS.tex:179: Missing $ inserted.
<inserted text> 
                $
l.179 ...thms will be \begin{test}O(n^2)\end{test}
                                                  
I've inserted something that you may have forgotten.
(See the <inserted text> above.)
With luck, this will get me unwedged. But if you
really didn't forget anything, try typing `2' now; then
my insertion and my current dilemma will both disappear.

Missing character: There is no   in font cmr12!

./FVS.tex:182: LaTeX Error: There's no line here to end.

See the LaTeX manual or LaTeX Companion for explanation.
Type  H <return>  for immediate help.
 ...                                              
                                                  
l.182 \end{itemize} \\ \\
                         
Your command was ignored.
Type  I <command> <return>  to replace it with another command,
or  <return>  to continue without it.


./FVS.tex:183: LaTeX Error: There's no line here to end.

See the LaTeX manual or LaTeX Companion for explanation.
Type  H <return>  for immediate help.
 ...                                              
                                                  
l.183 \textbf
             {Observations:}
Your command was ignored.
Type  I <command> <return>  to replace it with another command,
or  <return>  to continue without it.

./FVS.tex:192: Missing $ inserted.
<inserted text> 
                $
l.192   Brute force & NA^
                         {*} & NA^{*} \\
I've inserted a begin-math/end-math symbol since I think
you left one out. Proceed, with fingers crossed.

./FVS.tex:192: Extra }, or forgotten $.
<template> \unskip \hfil }
                          \hskip \tabcolsep \hskip -.5\arrayrulewidth \vrule...
l.192   Brute force & NA^{*} &
                               NA^{*} \\
I've deleted a group-closing symbol because it seems to be
spurious, as in `$x}$'. But perhaps the } is legitimate and
you forgot something else, as in `\hbox{$x}'. In such cases
the way to recover is to insert both the forgotten and the
deleted material, e.g., by typing `I$}'.

./FVS.tex:192: Missing $ inserted.
<inserted text> 
                $
l.192   Brute force & NA^{*} &
                               NA^{*} \\
I've inserted a begin-math/end-math symbol since I think
you left one out. Proceed, with fingers crossed.

./FVS.tex:192: Missing } inserted.
<inserted text> 
                }
l.192   Brute force & NA^{*} &
                               NA^{*} \\
I've inserted something that you may have forgotten.
(See the <inserted text> above.)
With luck, this will get me unwedged. But if you
really didn't forget anything, try typing `2' now; then
my insertion and my current dilemma will both disappear.

./FVS.tex:192: Missing $ inserted.
<inserted text> 
                $
l.192   Brute force & NA^{*} & NA^
                                  {*} \\
I've inserted a begin-math/end-math symbol since I think
you left one out. Proceed, with fingers crossed.

./FVS.tex:193: Extra }, or forgotten $.
<template> \unskip }
                    \hskip \tabcolsep \hskip -.5\arrayrulewidth \vrule width...
l.193   \hline
              
I've deleted a group-closing symbol because it seems to be
spurious, as in `$x}$'. But perhaps the } is legitimate and
you forgot something else, as in `\hbox{$x}'. In such cases
the way to recover is to insert both the forgotten and the
deleted material, e.g., by typing `I$}'.

./FVS.tex:193: Missing $ inserted.
<inserted text> 
                $
l.193   \hline
              
I've inserted a begin-math/end-math symbol since I think
you left one out. Proceed, with fingers crossed.

./FVS.tex:193: Missing } inserted.
<inserted text> 
                }
l.193   \hline
              
I've inserted something that you may have forgotten.
(See the <inserted text> above.)
With luck, this will get me unwedged. But if you
really didn't forget anything, try typing `2' now; then
my insertion and my current dilemma will both disappear.


./FVS.tex:196: LaTeX Error: There's no line here to end.

See the LaTeX manual or LaTeX Companion for explanation.
Type  H <return>  for immediate help.
 ...                                              
                                                  
l.196 *T
        he experiments were carried on graphs with a minimum of 500 nodes. S...

Your command was ignored.
Type  I <command> <return>  to replace it with another command,
or  <return>  to continue without it.


Underfull \hbox (badness 10000) in paragraph at lines 196--198

 []


Underfull \hbox (badness 10000) in paragraph at lines 212--220

 []


Underfull \hbox (badness 10000) in paragraph at lines 212--220

 []


Underfull \hbox (badness 10000) in paragraph at lines 212--220

 []


Underfull \hbox (badness 10000) in paragraph at lines 212--220

 []


Underfull \hbox (badness 10000) in paragraph at lines 212--220

 []


Underfull \hbox (badness 10000) in paragraph at lines 212--220

 []


Underfull \hbox (badness 10000) in paragraph at lines 212--220

 []


Underfull \hbox (badness 10000) in paragraph at lines 212--220

 []

<5.png, id=95, 443.256pt x 381.1038pt>
File: 5.png Graphic file (type png)
 <use 5.png>
Package pdftex.def Info: 5.png used on input line 222.
(pdftex.def)             Requested size: 265.95564pt x 228.66403pt.
 [8]
<6.png, id=101, 435.0654pt x 379.1766pt>
File: 6.png Graphic file (type png)
 <use 6.png>
Package pdftex.def Info: 6.png used on input line 226.
(pdftex.def)             Requested size: 261.04124pt x 227.5077pt.

<7.png, id=102, 446.1468pt x 335.3328pt>
File: 7.png Graphic file (type png)
 <use 7.png>
Package pdftex.def Info: 7.png used on input line 230.
(pdftex.def)             Requested size: 267.69016pt x 201.20122pt.

Underfull \vbox (badness 10000) has occurred while \output is active []

 [9 <./5.png> <./6.png>] <8.png, id=109, 455.301pt x 352.1958pt>
File: 8.png Graphic file (type png)
 <use 8.png>
Package pdftex.def Info: 8.png used on input line 234.
(pdftex.def)             Requested size: 273.1827pt x 211.3191pt.

./FVS.tex:239: Misplaced alignment tab character &.
l.239 [1] Krivelevich, M., Lee, C., &
                                      Sudakov, B. (2014). Compatible Hamilto...
I can't figure out why you would want to use a tab mark
here. If you just want an ampersand, the remedy is
simple: Just type `I\&' now. But if some right brace
up above has ended a previous alignment prematurely,
you're probably due for more error messages, and you
might try typing `S' now just to see what is salvageable.

./FVS.tex:240: Misplaced alignment tab character &.
l.240 ...A., Nenadov, R., Noever, A., Peter, U., &
                                                   Skoric, N. (2014). Robust...
I can't figure out why you would want to use a tab mark
here. If you just want an ampersand, the remedy is
simple: Just type `I\&' now. But if some right brace
up above has ended a previous alignment prematurely,
you're probably due for more error messages, and you
might try typing `S' now just to see what is salvageable.

./FVS.tex:241: Misplaced alignment tab character &.
l.241 [3] Sardroud, A. A., &
                             Bagheri, A. (2015). An approximation algorithm ...
I can't figure out why you would want to use a tab mark
here. If you just want an ampersand, the remedy is
simple: Just type `I\&' now. But if some right brace
up above has ended a previous alignment prematurely,
you're probably due for more error messages, and you
might try typing `S' now just to see what is salvageable.

./FVS.tex:242: Misplaced alignment tab character &.
l.242 [4] Fukasawa, R., Barboza, A. S., &
                                          Toriello, A. (2015). A Comparison ...
I can't figure out why you would want to use a tab mark
here. If you just want an ampersand, the remedy is
simple: Just type `I\&' now. But if some right brace
up above has ended a previous alignment prematurely,
you're probably due for more error messages, and you
might try typing `S' now just to see what is salvageable.

./FVS.tex:243: Misplaced alignment tab character &.
l.243 [5] Woods, B., Punnen, A., &
                                   Stephen, T. (2015). A Linear Time Algorit...
I can't figure out why you would want to use a tab mark
here. If you just want an ampersand, the remedy is
simple: Just type `I\&' now. But if some right brace
up above has ended a previous alignment prematurely,
you're probably due for more error messages, and you
might try typing `S' now just to see what is salvageable.


Underfull \hbox (badness 10000) in paragraph at lines 239--244

 []

[10 <./7.png> <./8.png>]
Package atveryend Info: Empty hook `BeforeClearDocument' on input line 258.
 [11]
Package atveryend Info: Empty hook `AfterLastShipout' on input line 258.
 (./FVS.aux)
Package atveryend Info: Executing hook `AtVeryEndDocument' on input line 258.
Package atveryend Info: Executing hook `AtEndAfterFileList' on input line 258.
Package rerunfilecheck Info: File `FVS.out' has not changed.
(rerunfilecheck)             Checksum: 2DA2F00CFB771AAECB29821393C88CCF;510.
Package atveryend Info: Empty hook `AtVeryVeryEnd' on input line 258.
 ) 
Here is how much of TeX's memory you used:
 5176 strings out of 493117
 76840 string characters out of 6135433
 161479 words of memory out of 5000000
 8591 multiletter control sequences out of 15000+600000
 9814 words of font info for 34 fonts, out of 8000000 for 9000
 1142 hyphenation exceptions out of 8191
 29i,8n,28p,977b,384s stack positions out of 5000i,500n,10000p,200000b,80000s
</usr/local/texlive/2014/texmf-dist/fonts/type1/public/amsfonts/cm/cmbx12.pfb
></usr/local/texlive/2014/texmf-dist/fonts/type1/public/amsfonts/cm/cmmi12.pfb>
</usr/local/texlive/2014/texmf-dist/fonts/type1/public/amsfonts/cm/cmr12.pfb></
usr/local/texlive/2014/texmf-dist/fonts/type1/public/amsfonts/cm/cmr17.pfb></us
r/local/texlive/2014/texmf-dist/fonts/type1/public/amsfonts/cm/cmr8.pfb></usr/l
ocal/texlive/2014/texmf-dist/fonts/type1/public/amsfonts/cm/cmsl12.pfb></usr/lo
cal/texlive/2014/texmf-dist/fonts/type1/public/amsfonts/cm/cmsy10.pfb></usr/loc
al/texlive/2014/texmf-dist/fonts/type1/public/amsfonts/cm/cmsy8.pfb></usr/local
/texlive/2014/texmf-dist/fonts/type1/public/amsfonts/cm/cmti12.pfb>
Output written on FVS.pdf (11 pages, 1602233 bytes).
PDF statistics:
 158 PDF objects out of 1000 (max. 8388607)
 120 compressed objects within 2 object streams
 22 named destinations out of 1000 (max. 500000)
 108 words of extra memory for PDF output out of 10000 (max. 10000000)

