This is pdfTeX, Version 3.1415926-2.5-1.40.14 (TeX Live 2013) (format=pdflatex 2014.4.8)  6 DEC 2014 06:46
entering extended mode
 restricted \write18 enabled.
 %&-line parsing enabled.
**FVS.tex
(./FVS.tex
LaTeX2e <2011/06/27>
Babel <3.9f> and hyphenation patterns for 78 languages loaded.
(/usr/local/texlive/2013/texmf-dist/tex/latex/base/article.cls
Document Class: article 2007/10/19 v1.4h Standard LaTeX document class
(/usr/local/texlive/2013/texmf-dist/tex/latex/base/size12.clo
File: size12.clo 2007/10/19 v1.4h Standard LaTeX file (size option)
)
\c@part=\count79
\c@section=\count80
\c@subsection=\count81
\c@subsubsection=\count82
\c@paragraph=\count83
\c@subparagraph=\count84
\c@figure=\count85
\c@table=\count86
\abovecaptionskip=\skip41
\belowcaptionskip=\skip42
\bibindent=\dimen102
)
(/usr/local/texlive/2013/texmf-dist/tex/latex/hyperref/hyperref.sty
Package: hyperref 2012/11/06 v6.83m Hypertext links for LaTeX

(/usr/local/texlive/2013/texmf-dist/tex/generic/oberdiek/hobsub-hyperref.sty
Package: hobsub-hyperref 2012/05/28 v1.13 Bundle oberdiek, subset hyperref (HO)


(/usr/local/texlive/2013/texmf-dist/tex/generic/oberdiek/hobsub-generic.sty
Package: hobsub-generic 2012/05/28 v1.13 Bundle oberdiek, subset generic (HO)
Package: hobsub 2012/05/28 v1.13 Construct package bundles (HO)
Package: infwarerr 2010/04/08 v1.3 Providing info/warning/error messages (HO)
Package: ltxcmds 2011/11/09 v1.22 LaTeX kernel commands for general use (HO)
Package: ifluatex 2010/03/01 v1.3 Provides the ifluatex switch (HO)
Package ifluatex Info: LuaTeX not detected.
Package: ifvtex 2010/03/01 v1.5 Detect VTeX and its facilities (HO)
Package ifvtex Info: VTeX not detected.
Package: intcalc 2007/09/27 v1.1 Expandable calculations with integers (HO)
Package: ifpdf 2011/01/30 v2.3 Provides the ifpdf switch (HO)
Package ifpdf Info: pdfTeX in PDF mode is detected.
Package: etexcmds 2011/02/16 v1.5 Avoid name clashes with e-TeX commands (HO)
Package etexcmds Info: Could not find \expanded.
(etexcmds)             That can mean that you are not using pdfTeX 1.50 or
(etexcmds)             that some package has redefined \expanded.
(etexcmds)             In the latter case, load this package earlier.
Package: kvsetkeys 2012/04/25 v1.16 Key value parser (HO)
Package: kvdefinekeys 2011/04/07 v1.3 Define keys (HO)
Package: pdftexcmds 2011/11/29 v0.20 Utility functions of pdfTeX for LuaTeX (HO
)
Package pdftexcmds Info: LuaTeX not detected.
Package pdftexcmds Info: \pdf@primitive is available.
Package pdftexcmds Info: \pdf@ifprimitive is available.
Package pdftexcmds Info: \pdfdraftmode found.
Package: pdfescape 2011/11/25 v1.13 Implements pdfTeX's escape features (HO)
Package: bigintcalc 2012/04/08 v1.3 Expandable calculations on big integers (HO
)
Package: bitset 2011/01/30 v1.1 Handle bit-vector datatype (HO)
Package: uniquecounter 2011/01/30 v1.2 Provide unlimited unique counter (HO)
)
Package hobsub Info: Skipping package `hobsub' (already loaded).
Package: letltxmacro 2010/09/02 v1.4 Let assignment for LaTeX macros (HO)
Package: hopatch 2012/05/28 v1.2 Wrapper for package hooks (HO)
Package: xcolor-patch 2011/01/30 xcolor patch
Package: atveryend 2011/06/30 v1.8 Hooks at the very end of document (HO)
Package atveryend Info: \enddocument detected (standard20110627).
Package: atbegshi 2011/10/05 v1.16 At begin shipout hook (HO)
Package: refcount 2011/10/16 v3.4 Data extraction from label references (HO)
Package: hycolor 2011/01/30 v1.7 Color options for hyperref/bookmark (HO)
)
(/usr/local/texlive/2013/texmf-dist/tex/latex/graphics/keyval.sty
Package: keyval 1999/03/16 v1.13 key=value parser (DPC)
\KV@toks@=\toks14
)
(/usr/local/texlive/2013/texmf-dist/tex/generic/ifxetex/ifxetex.sty
Package: ifxetex 2010/09/12 v0.6 Provides ifxetex conditional
)
(/usr/local/texlive/2013/texmf-dist/tex/latex/oberdiek/auxhook.sty
Package: auxhook 2011/03/04 v1.3 Hooks for auxiliary files (HO)
)
(/usr/local/texlive/2013/texmf-dist/tex/latex/oberdiek/kvoptions.sty
Package: kvoptions 2011/06/30 v3.11 Key value format for package options (HO)
)
\@linkdim=\dimen103
\Hy@linkcounter=\count87
\Hy@pagecounter=\count88

(/usr/local/texlive/2013/texmf-dist/tex/latex/hyperref/pd1enc.def
File: pd1enc.def 2012/11/06 v6.83m Hyperref: PDFDocEncoding definition (HO)
)
\Hy@SavedSpaceFactor=\count89

(/usr/local/texlive/2013/texmf-dist/tex/latex/latexconfig/hyperref.cfg
File: hyperref.cfg 2002/06/06 v1.2 hyperref configuration of TeXLive
)
Package hyperref Info: Hyper figures OFF on input line 4443.
Package hyperref Info: Link nesting OFF on input line 4448.
Package hyperref Info: Hyper index ON on input line 4451.
Package hyperref Info: Plain pages OFF on input line 4458.
Package hyperref Info: Backreferencing OFF on input line 4463.
Package hyperref Info: Implicit mode ON; LaTeX internals redefined.
Package hyperref Info: Bookmarks ON on input line 4688.
\c@Hy@tempcnt=\count90

(/usr/local/texlive/2013/texmf-dist/tex/latex/url/url.sty
\Urlmuskip=\muskip10
Package: url 2006/04/12  ver 3.3  Verb mode for urls, etc.
)
LaTeX Info: Redefining \url on input line 5041.
\XeTeXLinkMargin=\dimen104
\Fld@menulength=\count91
\Field@Width=\dimen105
\Fld@charsize=\dimen106
Package hyperref Info: Hyper figures OFF on input line 6295.
Package hyperref Info: Link nesting OFF on input line 6300.
Package hyperref Info: Hyper index ON on input line 6303.
Package hyperref Info: backreferencing OFF on input line 6310.
Package hyperref Info: Link coloring OFF on input line 6315.
Package hyperref Info: Link coloring with OCG OFF on input line 6320.
Package hyperref Info: PDF/A mode OFF on input line 6325.
LaTeX Info: Redefining \ref on input line 6365.
LaTeX Info: Redefining \pageref on input line 6369.
\Hy@abspage=\count92
\c@Item=\count93
\c@Hfootnote=\count94
)

Package hyperref Message: Driver (autodetected): hpdftex.

(/usr/local/texlive/2013/texmf-dist/tex/latex/hyperref/hpdftex.def
File: hpdftex.def 2012/11/06 v6.83m Hyperref driver for pdfTeX
\Fld@listcount=\count95
\c@bookmark@seq@number=\count96

(/usr/local/texlive/2013/texmf-dist/tex/latex/oberdiek/rerunfilecheck.sty
Package: rerunfilecheck 2011/04/15 v1.7 Rerun checks for auxiliary files (HO)
Package uniquecounter Info: New unique counter `rerunfilecheck' on input line 2
82.
)
\Hy@SectionHShift=\skip43
)
(/usr/local/texlive/2013/texmf-dist/tex/latex/tools/verbatim.sty
Package: verbatim 2003/08/22 v1.5q LaTeX2e package for verbatim enhancements
\every@verbatim=\toks15
\verbatim@line=\toks16
\verbatim@in@stream=\read1
)
(/usr/local/texlive/2013/texmf-dist/tex/latex/graphics/graphicx.sty
Package: graphicx 1999/02/16 v1.0f Enhanced LaTeX Graphics (DPC,SPQR)

(/usr/local/texlive/2013/texmf-dist/tex/latex/graphics/graphics.sty
Package: graphics 2009/02/05 v1.0o Standard LaTeX Graphics (DPC,SPQR)

(/usr/local/texlive/2013/texmf-dist/tex/latex/graphics/trig.sty
Package: trig 1999/03/16 v1.09 sin cos tan (DPC)
)
(/usr/local/texlive/2013/texmf-dist/tex/latex/latexconfig/graphics.cfg
File: graphics.cfg 2010/04/23 v1.9 graphics configuration of TeX Live
)
Package graphics Info: Driver file: pdftex.def on input line 91.

(/usr/local/texlive/2013/texmf-dist/tex/latex/pdftex-def/pdftex.def
File: pdftex.def 2011/05/27 v0.06d Graphics/color for pdfTeX
\Gread@gobject=\count97
))
\Gin@req@height=\dimen107
\Gin@req@width=\dimen108
)
(./FVS.aux)
\openout1 = `FVS.aux'.

LaTeX Font Info:    Checking defaults for OML/cmm/m/it on input line 30.
LaTeX Font Info:    ... okay on input line 30.
LaTeX Font Info:    Checking defaults for T1/cmr/m/n on input line 30.
LaTeX Font Info:    ... okay on input line 30.
LaTeX Font Info:    Checking defaults for OT1/cmr/m/n on input line 30.
LaTeX Font Info:    ... okay on input line 30.
LaTeX Font Info:    Checking defaults for OMS/cmsy/m/n on input line 30.
LaTeX Font Info:    ... okay on input line 30.
LaTeX Font Info:    Checking defaults for OMX/cmex/m/n on input line 30.
LaTeX Font Info:    ... okay on input line 30.
LaTeX Font Info:    Checking defaults for U/cmr/m/n on input line 30.
LaTeX Font Info:    ... okay on input line 30.
LaTeX Font Info:    Checking defaults for PD1/pdf/m/n on input line 30.
LaTeX Font Info:    ... okay on input line 30.
\AtBeginShipoutBox=\box26
Package hyperref Info: Link coloring OFF on input line 30.
 (/usr/local/texlive/2013/texmf-dist/tex/latex/hyperref/nameref.sty
Package: nameref 2012/10/27 v2.43 Cross-referencing by name of section

(/usr/local/texlive/2013/texmf-dist/tex/generic/oberdiek/gettitlestring.sty
Package: gettitlestring 2010/12/03 v1.4 Cleanup title references (HO)
)
\c@section@level=\count98
)
LaTeX Info: Redefining \ref on input line 30.
LaTeX Info: Redefining \pageref on input line 30.
LaTeX Info: Redefining \nameref on input line 30.

(./FVS.out) (./FVS.out)
\@outlinefile=\write3
\openout3 = `FVS.out'.


(/usr/local/texlive/2013/texmf-dist/tex/context/base/supp-pdf.mkii
[Loading MPS to PDF converter (version 2006.09.02).]
\scratchcounter=\count99
\scratchdimen=\dimen109
\scratchbox=\box27
\nofMPsegments=\count100
\nofMParguments=\count101
\everyMPshowfont=\toks17
\MPscratchCnt=\count102
\MPscratchDim=\dimen110
\MPnumerator=\count103
\makeMPintoPDFobject=\count104
\everyMPtoPDFconversion=\toks18
) (/usr/local/texlive/2013/texmf-dist/tex/latex/oberdiek/epstopdf-base.sty
Package: epstopdf-base 2010/02/09 v2.5 Base part for package epstopdf

(/usr/local/texlive/2013/texmf-dist/tex/latex/oberdiek/grfext.sty
Package: grfext 2010/08/19 v1.1 Manage graphics extensions (HO)
)
Package grfext Info: Graphics extension search list:
(grfext)             [.png,.pdf,.jpg,.mps,.jpeg,.jbig2,.jb2,.PNG,.PDF,.JPG,.JPE
G,.JBIG2,.JB2,.eps]
(grfext)             \AppendGraphicsExtensions on input line 452.

(/usr/local/texlive/2013/texmf-dist/tex/latex/latexconfig/epstopdf-sys.cfg
File: epstopdf-sys.cfg 2010/07/13 v1.3 Configuration of (r)epstopdf for TeX Liv
e
))
LaTeX Font Info:    External font `cmex10' loaded for size
(Font)              <14.4> on input line 32.
LaTeX Font Info:    External font `cmex10' loaded for size
(Font)              <7> on input line 32.

Underfull \vbox (badness 10000) has occurred while \output is active []

 [1

{/usr/local/texlive/2013/texmf-var/fonts/map/pdftex/updmap/pdftex.map}]
LaTeX Font Info:    External font `cmex10' loaded for size
(Font)              <10.95> on input line 36.
LaTeX Font Info:    External font `cmex10' loaded for size
(Font)              <8> on input line 36.
LaTeX Font Info:    External font `cmex10' loaded for size
(Font)              <6> on input line 36.

Underfull \hbox (badness 10000) in paragraph at lines 39--66

 []


Underfull \hbox (badness 10000) in paragraph at lines 39--66

 []


Underfull \hbox (badness 10000) in paragraph at lines 39--66

 []


Underfull \hbox (badness 10000) in paragraph at lines 39--66

 []


Underfull \hbox (badness 10000) in paragraph at lines 39--66

 []


Underfull \hbox (badness 10000) in paragraph at lines 39--66

 []


Underfull \hbox (badness 10000) in paragraph at lines 39--66

 []


Underfull \hbox (badness 10000) in paragraph at lines 39--66

 []


Underfull \hbox (badness 10000) in paragraph at lines 39--66

 []


Underfull \hbox (badness 10000) in paragraph at lines 39--66

 []


Underfull \hbox (badness 10000) in paragraph at lines 39--66

 []


Underfull \hbox (badness 10000) in paragraph at lines 39--66

 []


Underfull \hbox (badness 10000) in paragraph at lines 39--66

 []


Underfull \hbox (badness 10000) in paragraph at lines 39--66

 []


Underfull \hbox (badness 10000) in paragraph at lines 39--66

 []


Underfull \hbox (badness 10000) in paragraph at lines 39--66

 []


Underfull \hbox (badness 10000) in paragraph at lines 39--66

 []


Underfull \hbox (badness 10000) in paragraph at lines 39--66

 []


Underfull \hbox (badness 10000) in paragraph at lines 39--66

 []


Underfull \hbox (badness 10000) in paragraph at lines 39--66

 []


Underfull \hbox (badness 10000) in paragraph at lines 39--66

 []


Underfull \hbox (badness 10000) in paragraph at lines 39--66

 []


Underfull \hbox (badness 10000) in paragraph at lines 39--66

 []


Underfull \hbox (badness 10000) in paragraph at lines 39--66

 []


Underfull \hbox (badness 10000) in paragraph at lines 39--66

 []

[2] (./FVS.toc)
\tf@toc=\write4
\openout4 = `FVS.toc'.


Underfull \hbox (badness 10000) in paragraph at lines 71--99

 []


Underfull \hbox (badness 10000) in paragraph at lines 71--99

 []


Underfull \hbox (badness 10000) in paragraph at lines 71--99

 []


Underfull \hbox (badness 10000) in paragraph at lines 71--99

 []


Underfull \hbox (badness 10000) in paragraph at lines 71--99

 []


Underfull \hbox (badness 10000) in paragraph at lines 71--99

 []


Underfull \hbox (badness 10000) in paragraph at lines 71--99

 []


Underfull \hbox (badness 10000) in paragraph at lines 71--99

 []


Underfull \hbox (badness 10000) in paragraph at lines 71--99

 []


Underfull \hbox (badness 10000) in paragraph at lines 71--99

 []


Underfull \hbox (badness 10000) in paragraph at lines 71--99

 []


Underfull \hbox (badness 10000) in paragraph at lines 71--99

 []


Underfull \hbox (badness 10000) in paragraph at lines 71--99

 []


Underfull \hbox (badness 10000) in paragraph at lines 71--99

 []


Underfull \hbox (badness 10000) in paragraph at lines 71--99

 []


Underfull \hbox (badness 10000) in paragraph at lines 71--99

 []


Underfull \hbox (badness 10000) in paragraph at lines 71--99

 []


Underfull \hbox (badness 10000) in paragraph at lines 71--99

 []


Underfull \hbox (badness 10000) in paragraph at lines 71--99

 []


Underfull \hbox (badness 10000) in paragraph at lines 71--99

 []


Underfull \hbox (badness 10000) in paragraph at lines 71--99

 []


Underfull \hbox (badness 10000) in paragraph at lines 71--99

 []


Underfull \hbox (badness 10000) in paragraph at lines 71--99

 []


Underfull \hbox (badness 10000) in paragraph at lines 71--99

 []


Underfull \hbox (badness 10000) in paragraph at lines 71--99

 []


Underfull \hbox (badness 10000) in paragraph at lines 71--99

 []

[3]
Underfull \vbox (badness 10000) has occurred while \output is active []

 [4]
LaTeX Font Info:    Try loading font information for OMS+cmr on input line 109.


(/usr/local/texlive/2013/texmf-dist/tex/latex/base/omscmr.fd
File: omscmr.fd 1999/05/25 v2.5h Standard LaTeX font definitions
)
LaTeX Font Info:    Font shape `OMS/cmr/m/n' in size <12> not available
(Font)              Font shape `OMS/cmsy/m/n' tried instead on input line 109.
LaTeX Font Info:    External font `cmex10' loaded for size
(Font)              <12> on input line 126.
 [5]
</Users/jayanthdeejay/Desktop/1.png, id=76, 822.07124pt x 569.12625pt>
File: /Users/jayanthdeejay/Desktop/1.png Graphic file (type png)

<use /Users/jayanthdeejay/Desktop/1.png>
Package pdftex.def Info: /Users/jayanthdeejay/Desktop/1.png used on input line 
134.
(pdftex.def)             Requested size: 462.26999pt x 320.02852pt.

Underfull \hbox (badness 10000) in paragraph at lines 132--140

 []


Underfull \hbox (badness 10000) in paragraph at lines 132--140

 []


Underfull \hbox (badness 10000) in paragraph at lines 132--140

 []


Underfull \hbox (badness 10000) in paragraph at lines 132--140

 []

[6 </Users/jayanthdeejay/Desktop/1.png>]
Underfull \hbox (badness 10000) in paragraph at lines 141--142

 []

</Users/jayanthdeejay/Desktop/2.png, id=84, 200.75pt x 161.60374pt>
File: /Users/jayanthdeejay/Desktop/2.png Graphic file (type png)

<use /Users/jayanthdeejay/Desktop/2.png>
Package pdftex.def Info: /Users/jayanthdeejay/Desktop/2.png used on input line 
147.
(pdftex.def)             Requested size: 160.6002pt x 129.28316pt.

</Users/jayanthdeejay/Desktop/4.png, id=85, 123.46124pt x 15.05624pt>
File: /Users/jayanthdeejay/Desktop/4.png Graphic file (type png)

<use /Users/jayanthdeejay/Desktop/4.png>
Package pdftex.def Info: /Users/jayanthdeejay/Desktop/4.png used on input line 
148.
(pdftex.def)             Requested size: 98.7691pt x 12.045pt.

Underfull \hbox (badness 10000) in paragraph at lines 143--152

 []


Underfull \hbox (badness 10000) in paragraph at lines 143--152

 []


Underfull \hbox (badness 10000) in paragraph at lines 143--152

 []


Underfull \hbox (badness 10000) in paragraph at lines 143--152

 []

</Users/jayanthdeejay/Desktop/5.png, id=86, 210.7875pt x 79.29625pt>
File: /Users/jayanthdeejay/Desktop/5.png Graphic file (type png)

<use /Users/jayanthdeejay/Desktop/5.png>
Package pdftex.def Info: /Users/jayanthdeejay/Desktop/5.png used on input line 
156.
(pdftex.def)             Requested size: 168.63022pt x 63.43706pt.

Underfull \hbox (badness 10000) in paragraph at lines 152--162

 []


Underfull \hbox (badness 10000) in paragraph at lines 152--162

 []


Underfull \hbox (badness 10000) in paragraph at lines 152--162

 []


Underfull \hbox (badness 10000) in paragraph at lines 152--162

 []


Underfull \hbox (badness 10000) in paragraph at lines 152--162

 []


Underfull \hbox (badness 10000) in paragraph at lines 152--162

 []

</Users/jayanthdeejay/Desktop/6.png, id=87, 280.04625pt x 160.6pt>
File: /Users/jayanthdeejay/Desktop/6.png Graphic file (type png)

<use /Users/jayanthdeejay/Desktop/6.png>
Package pdftex.def Info: /Users/jayanthdeejay/Desktop/6.png used on input line 
166.
(pdftex.def)             Requested size: 224.0373pt x 128.48016pt.

Underfull \hbox (badness 10000) in paragraph at lines 162--170

 []


Underfull \hbox (badness 10000) in paragraph at lines 162--170

 []


Underfull \hbox (badness 10000) in paragraph at lines 162--170

 []


Underfull \hbox (badness 10000) in paragraph at lines 162--170

 []

[7 </Users/jayanthdeejay/Desktop/2.png> </Users/jayanthdeejay/Desktop/4.png> </
Users/jayanthdeejay/Desktop/5.png>]
</Users/jayanthdeejay/Desktop/8.png, id=98, 479.7925pt x 211.79124pt>
File: /Users/jayanthdeejay/Desktop/8.png Graphic file (type png)

<use /Users/jayanthdeejay/Desktop/8.png>
Package pdftex.def Info: /Users/jayanthdeejay/Desktop/8.png used on input line 
174.
(pdftex.def)             Requested size: 383.8345pt x 169.43321pt.

Underfull \hbox (badness 10000) in paragraph at lines 170--175

 []


Underfull \hbox (badness 10000) in paragraph at lines 170--175

 []

[8 </Users/jayanthdeejay/Desktop/6.png> </Users/jayanthdeejay/Desktop/8.png>]
</Users/jayanthdeejay/Desktop/9.png, id=107, 413.545pt x 406.51875pt>
File: /Users/jayanthdeejay/Desktop/9.png Graphic file (type png)

<use /Users/jayanthdeejay/Desktop/9.png>
Package pdftex.def Info: /Users/jayanthdeejay/Desktop/9.png used on input line 
180.
(pdftex.def)             Requested size: 330.83644pt x 325.21542pt.

Underfull \hbox (badness 10000) in paragraph at lines 178--183

 []


Underfull \hbox (badness 10000) in paragraph at lines 178--183

 []


Underfull \hbox (badness 10000) in paragraph at lines 178--183

 []


Underfull \hbox (badness 10000) in paragraph at lines 184--193

 []


Underfull \hbox (badness 10000) in paragraph at lines 184--193

 []


Underfull \hbox (badness 10000) in paragraph at lines 184--193

 []


Underfull \hbox (badness 10000) in paragraph at lines 184--193

 []


Underfull \hbox (badness 10000) in paragraph at lines 184--193

 []


Underfull \hbox (badness 10000) in paragraph at lines 184--193

 []


Underfull \hbox (badness 10000) in paragraph at lines 184--193

 []


Underfull \hbox (badness 10000) in paragraph at lines 184--193

 []

[9 </Users/jayanthdeejay/Desktop/9.png>]
</Users/jayanthdeejay/Desktop/10.png, id=115, 318.18875pt x 236.885pt>
File: /Users/jayanthdeejay/Desktop/10.png Graphic file (type png)

<use /Users/jayanthdeejay/Desktop/10.png>
Package pdftex.def Info: /Users/jayanthdeejay/Desktop/10.png used on input line
 194.
(pdftex.def)             Requested size: 254.55133pt x 189.50824pt.

Underfull \hbox (badness 10000) in paragraph at lines 194--195

 []

</Users/jayanthdeejay/Desktop/11.png, id=116, 379.4175pt x 289.08pt>
File: /Users/jayanthdeejay/Desktop/11.png Graphic file (type png)

<use /Users/jayanthdeejay/Desktop/11.png>
Package pdftex.def Info: /Users/jayanthdeejay/Desktop/11.png used on input line
 198.
(pdftex.def)             Requested size: 303.53441pt x 231.2643pt.

Underfull \hbox (badness 10000) in paragraph at lines 196--205

 []


Underfull \hbox (badness 10000) in paragraph at lines 196--205

 []


Underfull \hbox (badness 10000) in paragraph at lines 196--205

 []


Underfull \hbox (badness 10000) in paragraph at lines 196--205

 []


Underfull \hbox (badness 10000) in paragraph at lines 196--205

 []


Underfull \hbox (badness 10000) in paragraph at lines 196--205

 []


Underfull \hbox (badness 10000) in paragraph at lines 196--205

 []

[10 </Users/jayanthdeejay/Desktop/10.png> </Users/jayanthdeejay/Desktop/11.png>
]
Underfull \hbox (badness 10000) in paragraph at lines 216--217

 []


Underfull \hbox (badness 10000) in paragraph at lines 220--221

 []

Package atveryend Info: Empty hook `BeforeClearDocument' on input line 226.
[11]
Package atveryend Info: Empty hook `AfterLastShipout' on input line 226.
 (./FVS.aux)
Package atveryend Info: Executing hook `AtVeryEndDocument' on input line 226.
Package atveryend Info: Executing hook `AtEndAfterFileList' on input line 226.
Package rerunfilecheck Info: File `FVS.out' has not changed.
(rerunfilecheck)             Checksum: 6A3F4C28407B84CFC7032372809EAF72;394.
Package atveryend Info: Empty hook `AtVeryVeryEnd' on input line 226.
 ) 
Here is how much of TeX's memory you used:
 5198 strings out of 493315
 78093 string characters out of 6137905
 157747 words of memory out of 5000000
 8591 multiletter control sequences out of 15000+600000
 11077 words of font info for 38 fonts, out of 8000000 for 9000
 958 hyphenation exceptions out of 8191
 29i,6n,28p,1172b,428s stack positions out of 5000i,500n,10000p,200000b,80000s
</usr/local/texlive/2013/texmf-dist/fonts/type1/public/amsfonts/cm/cmbx10.pfb
></usr/local/texlive/2013/texmf-dist/fonts/type1/public/amsfonts/cm/cmbx12.pfb>
</usr/local/texlive/2013/texmf-dist/fonts/type1/public/amsfonts/cm/cmmi12.pfb><
/usr/local/texlive/2013/texmf-dist/fonts/type1/public/amsfonts/cm/cmr10.pfb></u
sr/local/texlive/2013/texmf-dist/fonts/type1/public/amsfonts/cm/cmr12.pfb></usr
/local/texlive/2013/texmf-dist/fonts/type1/public/amsfonts/cm/cmr17.pfb></usr/l
ocal/texlive/2013/texmf-dist/fonts/type1/public/amsfonts/cm/cmr8.pfb></usr/loca
l/texlive/2013/texmf-dist/fonts/type1/public/amsfonts/cm/cmsl12.pfb></usr/local
/texlive/2013/texmf-dist/fonts/type1/public/amsfonts/cm/cmsy10.pfb></usr/local/
texlive/2013/texmf-dist/fonts/type1/public/amsfonts/cm/cmti10.pfb></usr/local/t
exlive/2013/texmf-dist/fonts/type1/public/amsfonts/cm/cmti12.pfb>
Output written on FVS.pdf (11 pages, 462991 bytes).
PDF statistics:
 174 PDF objects out of 1000 (max. 8388607)
 130 compressed objects within 2 object streams
 28 named destinations out of 1000 (max. 500000)
 110 words of extra memory for PDF output out of 10000 (max. 10000000)

