This is pdfTeX, Version 3.14159265-2.6-1.40.16 (TeX Live 2015) (preloaded format=pdflatex 2015.5.24)  27 APR 2016 03:52
entering extended mode
 \write18 enabled.
 file:line:error style messages enabled.
 %&-line parsing enabled.
**FVS.tex
(./FVS.tex
LaTeX2e <2015/01/01>
Babel <3.9l> and hyphenation patterns for 79 languages loaded.
(/usr/local/texlive/2015/texmf-dist/tex/latex/base/article.cls
Document Class: article 2014/09/29 v1.4h Standard LaTeX document class
(/usr/local/texlive/2015/texmf-dist/tex/latex/base/size12.clo
File: size12.clo 2014/09/29 v1.4h Standard LaTeX file (size option)
)
\c@part=\count79
\c@section=\count80
\c@subsection=\count81
\c@subsubsection=\count82
\c@paragraph=\count83
\c@subparagraph=\count84
\c@figure=\count85
\c@table=\count86
\abovecaptionskip=\skip41
\belowcaptionskip=\skip42
\bibindent=\dimen102
)
(/usr/local/texlive/2015/texmf-dist/tex/latex/hyperref/hyperref.sty
Package: hyperref 2012/11/06 v6.83m Hypertext links for LaTeX

(/usr/local/texlive/2015/texmf-dist/tex/generic/oberdiek/hobsub-hyperref.sty
Package: hobsub-hyperref 2012/05/28 v1.13 Bundle oberdiek, subset hyperref (HO)


(/usr/local/texlive/2015/texmf-dist/tex/generic/oberdiek/hobsub-generic.sty
Package: hobsub-generic 2012/05/28 v1.13 Bundle oberdiek, subset generic (HO)
Package: hobsub 2012/05/28 v1.13 Construct package bundles (HO)
Package: infwarerr 2010/04/08 v1.3 Providing info/warning/error messages (HO)
Package: ltxcmds 2011/11/09 v1.22 LaTeX kernel commands for general use (HO)
Package: ifluatex 2010/03/01 v1.3 Provides the ifluatex switch (HO)
Package ifluatex Info: LuaTeX not detected.
Package: ifvtex 2010/03/01 v1.5 Detect VTeX and its facilities (HO)
Package ifvtex Info: VTeX not detected.
Package: intcalc 2007/09/27 v1.1 Expandable calculations with integers (HO)
Package: ifpdf 2011/01/30 v2.3 Provides the ifpdf switch (HO)
Package ifpdf Info: pdfTeX in PDF mode is detected.
Package: etexcmds 2011/02/16 v1.5 Avoid name clashes with e-TeX commands (HO)
Package etexcmds Info: Could not find \expanded.
(etexcmds)             That can mean that you are not using pdfTeX 1.50 or
(etexcmds)             that some package has redefined \expanded.
(etexcmds)             In the latter case, load this package earlier.
Package: kvsetkeys 2012/04/25 v1.16 Key value parser (HO)
Package: kvdefinekeys 2011/04/07 v1.3 Define keys (HO)
Package: pdftexcmds 2011/11/29 v0.20 Utility functions of pdfTeX for LuaTeX (HO
)
Package pdftexcmds Info: LuaTeX not detected.
Package pdftexcmds Info: \pdf@primitive is available.
Package pdftexcmds Info: \pdf@ifprimitive is available.
Package pdftexcmds Info: \pdfdraftmode found.
Package: pdfescape 2011/11/25 v1.13 Implements pdfTeX's escape features (HO)
Package: bigintcalc 2012/04/08 v1.3 Expandable calculations on big integers (HO
)
Package: bitset 2011/01/30 v1.1 Handle bit-vector datatype (HO)
Package: uniquecounter 2011/01/30 v1.2 Provide unlimited unique counter (HO)
)
Package hobsub Info: Skipping package `hobsub' (already loaded).
Package: letltxmacro 2010/09/02 v1.4 Let assignment for LaTeX macros (HO)
Package: hopatch 2012/05/28 v1.2 Wrapper for package hooks (HO)
Package: xcolor-patch 2011/01/30 xcolor patch
Package: atveryend 2011/06/30 v1.8 Hooks at the very end of document (HO)
Package atveryend Info: \enddocument detected (standard20110627).
Package: atbegshi 2011/10/05 v1.16 At begin shipout hook (HO)
Package: refcount 2011/10/16 v3.4 Data extraction from label references (HO)
Package: hycolor 2011/01/30 v1.7 Color options for hyperref/bookmark (HO)
)
(/usr/local/texlive/2015/texmf-dist/tex/latex/graphics/keyval.sty
Package: keyval 2014/10/28 v1.15 key=value parser (DPC)
\KV@toks@=\toks14
)
(/usr/local/texlive/2015/texmf-dist/tex/generic/ifxetex/ifxetex.sty
Package: ifxetex 2010/09/12 v0.6 Provides ifxetex conditional
)
(/usr/local/texlive/2015/texmf-dist/tex/latex/oberdiek/auxhook.sty
Package: auxhook 2011/03/04 v1.3 Hooks for auxiliary files (HO)
)
(/usr/local/texlive/2015/texmf-dist/tex/latex/oberdiek/kvoptions.sty
Package: kvoptions 2011/06/30 v3.11 Key value format for package options (HO)
)
\@linkdim=\dimen103
\Hy@linkcounter=\count87
\Hy@pagecounter=\count88

(/usr/local/texlive/2015/texmf-dist/tex/latex/hyperref/pd1enc.def
File: pd1enc.def 2012/11/06 v6.83m Hyperref: PDFDocEncoding definition (HO)
)
\Hy@SavedSpaceFactor=\count89

(/usr/local/texlive/2015/texmf-dist/tex/latex/latexconfig/hyperref.cfg
File: hyperref.cfg 2002/06/06 v1.2 hyperref configuration of TeXLive
)
Package hyperref Info: Hyper figures OFF on input line 4443.
Package hyperref Info: Link nesting OFF on input line 4448.
Package hyperref Info: Hyper index ON on input line 4451.
Package hyperref Info: Plain pages OFF on input line 4458.
Package hyperref Info: Backreferencing OFF on input line 4463.
Package hyperref Info: Implicit mode ON; LaTeX internals redefined.
Package hyperref Info: Bookmarks ON on input line 4688.
\c@Hy@tempcnt=\count90

(/usr/local/texlive/2015/texmf-dist/tex/latex/url/url.sty
\Urlmuskip=\muskip10
Package: url 2013/09/16  ver 3.4  Verb mode for urls, etc.
)
LaTeX Info: Redefining \url on input line 5041.
\XeTeXLinkMargin=\dimen104
\Fld@menulength=\count91
\Field@Width=\dimen105
\Fld@charsize=\dimen106
Package hyperref Info: Hyper figures OFF on input line 6295.
Package hyperref Info: Link nesting OFF on input line 6300.
Package hyperref Info: Hyper index ON on input line 6303.
Package hyperref Info: backreferencing OFF on input line 6310.
Package hyperref Info: Link coloring OFF on input line 6315.
Package hyperref Info: Link coloring with OCG OFF on input line 6320.
Package hyperref Info: PDF/A mode OFF on input line 6325.
LaTeX Info: Redefining \ref on input line 6365.
LaTeX Info: Redefining \pageref on input line 6369.
\Hy@abspage=\count92
\c@Item=\count93
\c@Hfootnote=\count94
)

Package hyperref Message: Driver (autodetected): hpdftex.

(/usr/local/texlive/2015/texmf-dist/tex/latex/hyperref/hpdftex.def
File: hpdftex.def 2012/11/06 v6.83m Hyperref driver for pdfTeX
\Fld@listcount=\count95
\c@bookmark@seq@number=\count96

(/usr/local/texlive/2015/texmf-dist/tex/latex/oberdiek/rerunfilecheck.sty
Package: rerunfilecheck 2011/04/15 v1.7 Rerun checks for auxiliary files (HO)
Package uniquecounter Info: New unique counter `rerunfilecheck' on input line 2
82.
)
\Hy@SectionHShift=\skip43
)
(/usr/local/texlive/2015/texmf-dist/tex/latex/base/fixltx2e.sty
Package: fixltx2e 2015/02/21 v2.0a fixes to LaTeX (obsolete)


Package fixltx2e Warning: fixltx2e is not required with releases after 2015
(fixltx2e)                All fixes are now in the LaTeX kernel.
(fixltx2e)                See the latexrelease package for details.

) (./minted.sty
Package: minted 2015/12/21 v2.2dev Yet another Pygments shim for LaTeX

(/usr/local/texlive/2015/texmf-dist/tex/latex/fancyvrb/fancyvrb.sty
Package: fancyvrb 2008/02/07

Style option: `fancyvrb' v2.7a, with DG/SPQR fixes, and firstline=lastline fix 
<2008/02/07> (tvz)
\FV@CodeLineNo=\count97
\FV@InFile=\read1
\FV@TabBox=\box26
\c@FancyVerbLine=\count98
\FV@StepNumber=\count99
\FV@OutFile=\write3
)
(/usr/local/texlive/2015/texmf-dist/tex/latex/float/float.sty
Package: float 2001/11/08 v1.3d Float enhancements (AL)
\c@float@type=\count100
\float@exts=\toks15
\float@box=\box27
\@float@everytoks=\toks16
\@floatcapt=\box28
)
(/usr/local/texlive/2015/texmf-dist/tex/latex/base/ifthen.sty
Package: ifthen 2014/09/29 v1.1c Standard LaTeX ifthen package (DPC)
)
(/usr/local/texlive/2015/texmf-dist/tex/latex/tools/calc.sty
Package: calc 2014/10/28 v4.3 Infix arithmetic (KKT,FJ)
\calc@Acount=\count101
\calc@Bcount=\count102
\calc@Adimen=\dimen107
\calc@Bdimen=\dimen108
\calc@Askip=\skip44
\calc@Bskip=\skip45
LaTeX Info: Redefining \setlength on input line 80.
LaTeX Info: Redefining \addtolength on input line 81.
\calc@Ccount=\count103
\calc@Cskip=\skip46
)
(/usr/local/texlive/2015/texmf-dist/tex/latex/ifplatform/ifplatform.sty
Package: ifplatform 2010/10/22 v0.4 Testing for the operating system

(/usr/local/texlive/2015/texmf-dist/tex/generic/oberdiek/catchfile.sty
Package: catchfile 2011/03/01 v1.6 Catch the contents of a file (HO)
)
runsystem(uname -s > "FVS.w18")...executed.


(./FVS.w18)
runsystem(rm -- "FVS.w18")...executed.

)
(/usr/local/texlive/2015/texmf-dist/tex/latex/etoolbox/etoolbox.sty
Package: etoolbox 2015/05/04 v2.2 e-TeX tools for LaTeX (JAW)
\etb@tempcnta=\count104
)
(/usr/local/texlive/2015/texmf-dist/tex/generic/xstring/xstring.sty
(/usr/local/texlive/2015/texmf-dist/tex/generic/xstring/xstring.tex
\@xs@message=\write4
\integerpart=\count105
\decimalpart=\count106
)
Package: xstring 2013/10/13  v1.7c  String manipulations (C Tellechea)
)
(/usr/local/texlive/2015/texmf-dist/tex/latex/lineno/lineno.sty
Package: lineno 2005/11/02 line numbers on paragraphs v4.41
\linenopenalty=\count107
\output=\toks17
\linenoprevgraf=\count108
\linenumbersep=\dimen109
\linenumberwidth=\dimen110
\c@linenumber=\count109
\c@pagewiselinenumber=\count110
\c@LN@truepage=\count111
\c@internallinenumber=\count112
\c@internallinenumbers=\count113
\quotelinenumbersep=\dimen111
\bframerule=\dimen112
\bframesep=\dimen113
\bframebox=\box29
LaTeX Info: Redefining \\ on input line 3056.
)
\minted@appexistsfile=\read2
\FV@BreakIndent=\dimen114
\FV@BreakSymbolSepLeft=\dimen115
\FV@BreakSymbolSepRight=\dimen116
\FV@BreakSymbolIndentLeft=\dimen117
\FV@BreakSymbolIndentRight=\dimen118
\c@FancyVerbLineBreakLast=\count114
\FV@LineBox=\box30
\FV@LineIndentBox=\box31
\minted@bgbox=\box32
\minted@code=\write5
\c@minted@FancyVerbLineTemp=\count115
\@float@every@listing=\toks18
\c@listing=\count116
)
runsystem(mkdir -p "_minted-FVS")...executed.


(./_minted-FVS/default.pygstyle)
(/usr/local/texlive/2015/texmf-dist/tex/latex/tools/verbatim.sty
Package: verbatim 2014/10/28 v1.5q LaTeX2e package for verbatim enhancements
\every@verbatim=\toks19
\verbatim@line=\toks20
\verbatim@in@stream=\read3
)
(/usr/local/texlive/2015/texmf-dist/tex/latex/graphics/graphicx.sty
Package: graphicx 2014/10/28 v1.0g Enhanced LaTeX Graphics (DPC,SPQR)

(/usr/local/texlive/2015/texmf-dist/tex/latex/graphics/graphics.sty
Package: graphics 2014/10/28 v1.0p Standard LaTeX Graphics (DPC,SPQR)

(/usr/local/texlive/2015/texmf-dist/tex/latex/graphics/trig.sty
Package: trig 1999/03/16 v1.09 sin cos tan (DPC)
)
(/usr/local/texlive/2015/texmf-dist/tex/latex/latexconfig/graphics.cfg
File: graphics.cfg 2010/04/23 v1.9 graphics configuration of TeX Live
)
Package graphics Info: Driver file: pdftex.def on input line 94.

(/usr/local/texlive/2015/texmf-dist/tex/latex/pdftex-def/pdftex.def
File: pdftex.def 2011/05/27 v0.06d Graphics/color for pdfTeX
\Gread@gobject=\count117
))
\Gin@req@height=\dimen119
\Gin@req@width=\dimen120
)
runsystem(which "pygmentize" && touch "FVS.aex")...executed.

runsystem(rm "FVS.aex")...executed.


(./FVS.aux)
\openout1 = `FVS.aux'.

LaTeX Font Info:    Checking defaults for OML/cmm/m/it on input line 29.
LaTeX Font Info:    ... okay on input line 29.
LaTeX Font Info:    Checking defaults for T1/cmr/m/n on input line 29.
LaTeX Font Info:    ... okay on input line 29.
LaTeX Font Info:    Checking defaults for OT1/cmr/m/n on input line 29.
LaTeX Font Info:    ... okay on input line 29.
LaTeX Font Info:    Checking defaults for OMS/cmsy/m/n on input line 29.
LaTeX Font Info:    ... okay on input line 29.
LaTeX Font Info:    Checking defaults for OMX/cmex/m/n on input line 29.
LaTeX Font Info:    ... okay on input line 29.
LaTeX Font Info:    Checking defaults for U/cmr/m/n on input line 29.
LaTeX Font Info:    ... okay on input line 29.
LaTeX Font Info:    Checking defaults for PD1/pdf/m/n on input line 29.
LaTeX Font Info:    ... okay on input line 29.
\AtBeginShipoutBox=\box33
Package hyperref Info: Link coloring OFF on input line 29.
 (/usr/local/texlive/2015/texmf-dist/tex/latex/hyperref/nameref.sty
Package: nameref 2012/10/27 v2.43 Cross-referencing by name of section

(/usr/local/texlive/2015/texmf-dist/tex/generic/oberdiek/gettitlestring.sty
Package: gettitlestring 2010/12/03 v1.4 Cleanup title references (HO)
)
\c@section@level=\count118
)
LaTeX Info: Redefining \ref on input line 29.
LaTeX Info: Redefining \pageref on input line 29.
LaTeX Info: Redefining \nameref on input line 29.

(./FVS.out) (./FVS.out)
\@outlinefile=\write6
\openout6 = `FVS.out'.


(/usr/local/texlive/2015/texmf-dist/tex/latex/xcolor/xcolor.sty
Package: xcolor 2007/01/21 v2.11 LaTeX color extensions (UK)

(/usr/local/texlive/2015/texmf-dist/tex/latex/latexconfig/color.cfg
File: color.cfg 2007/01/18 v1.5 color configuration of teTeX/TeXLive
)
Package xcolor Info: Driver file: pdftex.def on input line 225.
Package xcolor Info: Model `cmy' substituted by `cmy0' on input line 1337.
Package xcolor Info: Model `hsb' substituted by `rgb' on input line 1341.
Package xcolor Info: Model `RGB' extended on input line 1353.
Package xcolor Info: Model `HTML' substituted by `rgb' on input line 1355.
Package xcolor Info: Model `Hsb' substituted by `hsb' on input line 1356.
Package xcolor Info: Model `tHsb' substituted by `hsb' on input line 1357.
Package xcolor Info: Model `HSB' substituted by `hsb' on input line 1358.
Package xcolor Info: Model `Gray' substituted by `gray' on input line 1359.
Package xcolor Info: Model `wave' substituted by `hsb' on input line 1360.
)
(./_minted-FVS/default-pyg-prefix.pygstyle)
(/usr/local/texlive/2015/texmf-dist/tex/context/base/supp-pdf.mkii
[Loading MPS to PDF converter (version 2006.09.02).]
\scratchcounter=\count119
\scratchdimen=\dimen121
\scratchbox=\box34
\nofMPsegments=\count120
\nofMParguments=\count121
\everyMPshowfont=\toks21
\MPscratchCnt=\count122
\MPscratchDim=\dimen122
\MPnumerator=\count123
\makeMPintoPDFobject=\count124
\everyMPtoPDFconversion=\toks22
) (/usr/local/texlive/2015/texmf-dist/tex/latex/oberdiek/epstopdf-base.sty
Package: epstopdf-base 2010/02/09 v2.5 Base part for package epstopdf

(/usr/local/texlive/2015/texmf-dist/tex/latex/oberdiek/grfext.sty
Package: grfext 2010/08/19 v1.1 Manage graphics extensions (HO)
)
Package grfext Info: Graphics extension search list:
(grfext)             [.png,.pdf,.jpg,.mps,.jpeg,.jbig2,.jb2,.PNG,.PDF,.JPG,.JPE
G,.JBIG2,.JB2,.eps]
(grfext)             \AppendGraphicsExtensions on input line 452.

(/usr/local/texlive/2015/texmf-dist/tex/latex/latexconfig/epstopdf-sys.cfg
File: epstopdf-sys.cfg 2010/07/13 v1.3 Configuration of (r)epstopdf for TeX Liv
e
))
LaTeX Font Info:    External font `cmex10' loaded for size
(Font)              <14.4> on input line 31.
LaTeX Font Info:    External font `cmex10' loaded for size
(Font)              <7> on input line 31.

Underfull \vbox (badness 10000) has occurred while \output is active []

 [1

{/usr/local/texlive/2015/texmf-var/fonts/map/pdftex/updmap/pdftex.map}]
Underfull \hbox (badness 10000) in paragraph at lines 35--62

 []


Underfull \hbox (badness 10000) in paragraph at lines 35--62

 []


Underfull \hbox (badness 10000) in paragraph at lines 35--62

 []


Underfull \hbox (badness 10000) in paragraph at lines 35--62

 []


Underfull \hbox (badness 10000) in paragraph at lines 35--62

 []


Underfull \hbox (badness 10000) in paragraph at lines 35--62

 []


Underfull \hbox (badness 10000) in paragraph at lines 35--62

 []


Underfull \hbox (badness 10000) in paragraph at lines 35--62

 []


Underfull \hbox (badness 10000) in paragraph at lines 35--62

 []


Underfull \hbox (badness 10000) in paragraph at lines 35--62

 []


Underfull \hbox (badness 10000) in paragraph at lines 35--62

 []


Underfull \hbox (badness 10000) in paragraph at lines 35--62

 []


Underfull \hbox (badness 10000) in paragraph at lines 35--62

 []


Underfull \hbox (badness 10000) in paragraph at lines 35--62

 []


Underfull \hbox (badness 10000) in paragraph at lines 35--62

 []


Underfull \hbox (badness 10000) in paragraph at lines 35--62

 []


Underfull \hbox (badness 10000) in paragraph at lines 35--62

 []


Underfull \hbox (badness 10000) in paragraph at lines 35--62

 []


Underfull \hbox (badness 10000) in paragraph at lines 35--62

 []


Underfull \hbox (badness 10000) in paragraph at lines 35--62

 []


Underfull \hbox (badness 10000) in paragraph at lines 35--62

 []


Underfull \hbox (badness 10000) in paragraph at lines 35--62

 []


Underfull \hbox (badness 10000) in paragraph at lines 35--62

 []


Underfull \hbox (badness 10000) in paragraph at lines 35--62

 []


Underfull \hbox (badness 10000) in paragraph at lines 35--62

 []


Underfull \vbox (badness 10000) has occurred while \output is active []

 [2]
(./FVS.toc
LaTeX Font Info:    External font `cmex10' loaded for size
(Font)              <12> on input line 3.
LaTeX Font Info:    External font `cmex10' loaded for size
(Font)              <8> on input line 3.
LaTeX Font Info:    External font `cmex10' loaded for size
(Font)              <6> on input line 3.
)
\tf@toc=\write7
\openout7 = `FVS.toc'.


Underfull \hbox (badness 10000) in paragraph at lines 67--91

 []


Underfull \hbox (badness 10000) in paragraph at lines 67--91

 []


Underfull \hbox (badness 10000) in paragraph at lines 67--91

 []


Underfull \hbox (badness 10000) in paragraph at lines 67--91

 []


Underfull \hbox (badness 10000) in paragraph at lines 67--91

 []


Underfull \hbox (badness 10000) in paragraph at lines 67--91

 []


Underfull \hbox (badness 10000) in paragraph at lines 67--91

 []


Underfull \hbox (badness 10000) in paragraph at lines 67--91

 []


Underfull \hbox (badness 10000) in paragraph at lines 67--91

 []


Underfull \hbox (badness 10000) in paragraph at lines 67--91

 []


Underfull \hbox (badness 10000) in paragraph at lines 67--91

 []


Underfull \hbox (badness 10000) in paragraph at lines 67--91

 []


Underfull \hbox (badness 10000) in paragraph at lines 67--91

 []


Underfull \hbox (badness 10000) in paragraph at lines 67--91

 []


Underfull \hbox (badness 10000) in paragraph at lines 67--91

 []


Underfull \hbox (badness 10000) in paragraph at lines 67--91

 []


Underfull \hbox (badness 10000) in paragraph at lines 67--91

 []


Underfull \hbox (badness 10000) in paragraph at lines 67--91

 []


Underfull \hbox (badness 10000) in paragraph at lines 67--91

 []


Underfull \hbox (badness 10000) in paragraph at lines 67--91

 []


Underfull \hbox (badness 10000) in paragraph at lines 67--91

 []


Underfull \hbox (badness 10000) in paragraph at lines 67--91

 []


Underfull \hbox (badness 10000) in paragraph at lines 67--91

 []


Underfull \hbox (badness 10000) in paragraph at lines 67--91

 []

[3]
LaTeX Font Info:    Try loading font information for OMS+cmr on input line 113.

 (/usr/local/texlive/2015/texmf-dist/tex/latex/base/omscmr.fd
File: omscmr.fd 2014/09/29 v2.5h Standard LaTeX font definitions
)
LaTeX Font Info:    Font shape `OMS/cmr/m/n' in size <12> not available
(Font)              Font shape `OMS/cmsy/m/n' tried instead on input line 113.
 [4]
Underfull \hbox (badness 10000) in paragraph at lines 123--124

 []


Underfull \hbox (badness 10000) in paragraph at lines 141--148

 []


Underfull \hbox (badness 10000) in paragraph at lines 141--148

 []


Underfull \hbox (badness 10000) in paragraph at lines 141--148

 []


Underfull \hbox (badness 10000) in paragraph at lines 141--148

 []


Underfull \hbox (badness 10000) in paragraph at lines 141--148

 []


Underfull \hbox (badness 10000) in paragraph at lines 141--148

 []


Underfull \hbox (badness 10000) in paragraph at lines 149--150

 []


Overfull \hbox (7.20047pt too wide) in paragraph at lines 151--165
[]
 []


Overfull \hbox (7.20047pt too wide) in paragraph at lines 151--165
[]
 []


Underfull \hbox (badness 10000) in paragraph at lines 151--165

 []

[5]
Underfull \hbox (badness 10000) in paragraph at lines 170--192

 []


Underfull \hbox (badness 10000) in paragraph at lines 170--192

 []


Underfull \hbox (badness 10000) in paragraph at lines 170--192

 []


Underfull \hbox (badness 10000) in paragraph at lines 170--192

 []


Underfull \hbox (badness 10000) in paragraph at lines 170--192

 []


Underfull \hbox (badness 10000) in paragraph at lines 170--192

 []


Underfull \hbox (badness 10000) in paragraph at lines 170--192

 []


Underfull \hbox (badness 10000) in paragraph at lines 170--192

 []


Underfull \hbox (badness 10000) in paragraph at lines 170--192

 []


Overfull \hbox (7.20047pt too wide) in paragraph at lines 170--192
[]
 []


Overfull \hbox (7.20047pt too wide) in paragraph at lines 170--192
[] 
 []


Underfull \hbox (badness 10000) in paragraph at lines 170--192

 []


Underfull \hbox (badness 10000) in paragraph at lines 170--192

 []

[6]
\openout3 = `FVS.pyg'.


(./_minted-FVS/8548C6209180C92A9AFD93DC5684F21146E488654587DAD85582699DDB46A980
.pygtex
LaTeX Font Info:    Font shape `OT1/cmtt/bx/n' in size <12> not available
(Font)              Font shape `OT1/cmtt/m/n' tried instead on input line 2.
 [7]
Underfull \vbox (badness 10000) has occurred while \output is active []

 [8])
\openout3 = `FVS.pyg'.


(./_minted-FVS/1E592B62C708CBB640A45CA6A5E2EF2E46E488654587DAD85582699DDB46A980
.pygtex
Underfull \hbox (badness 10000) in paragraph at lines 282--1

 []

)
Underfull \hbox (badness 10000) in paragraph at lines 308--311

 []


Underfull \hbox (badness 10000) in paragraph at lines 308--311

 []


Underfull \hbox (badness 10000) in paragraph at lines 308--311

 []


Underfull \hbox (badness 10000) in paragraph at lines 312--313

 []

[9]
</Users/jayanthdeejay/Documents/Edu/UC/Classes/Combinatorics/project/exectimes.
png, id=138, 1204.5pt x 803.0pt>
File: /Users/jayanthdeejay/Documents/Edu/UC/Classes/Combinatorics/project/exect
imes.png Graphic file (type png)

<use /Users/jayanthdeejay/Documents/Edu/UC/Classes/Combinatorics/project/execti
mes.png>
Package pdftex.def Info: /Users/jayanthdeejay/Documents/Edu/UC/Classes/Combinat
orics/project/exectimes.png used on input line 318.
(pdftex.def)             Requested size: 433.62pt x 289.07977pt.


./FVS.tex:323: LaTeX Error: There's no line here to end.

See the LaTeX manual or LaTeX Companion for explanation.
Type  H <return>  for immediate help.
 ...                                              
                                                  
l.323 \textbf
             {Interactive graphs of figure \ref{fig:exectimes}, \ref{fig:duv...

Your command was ignored.
Type  I <command> <return>  to replace it with another command,
or  <return>  to continue without it.


Underfull \hbox (badness 10000) in paragraph at lines 323--324

 []


</Users/jayanthdeejay/Documents/Edu/UC/Classes/Combinatorics/project/duval.png,
 id=144, 1204.5pt x 803.0pt>
File: /Users/jayanthdeejay/Documents/Edu/UC/Classes/Combinatorics/project/duval
.png Graphic file (type png)

<use /Users/jayanthdeejay/Documents/Edu/UC/Classes/Combinatorics/project/duval.
png>
Package pdftex.def Info: /Users/jayanthdeejay/Documents/Edu/UC/Classes/Combinat
orics/project/duval.png used on input line 327.
(pdftex.def)             Requested size: 433.62pt x 289.07977pt.

</Users/jayanthdeejay/Documents/Edu/UC/Classes/Combinatorics/project/fkm.png, i
d=145, 1204.5pt x 803.0pt>
File: /Users/jayanthdeejay/Documents/Edu/UC/Classes/Combinatorics/project/fkm.p
ng Graphic file (type png)

<use /Users/jayanthdeejay/Documents/Edu/UC/Classes/Combinatorics/project/fkm.pn
g>
Package pdftex.def Info: /Users/jayanthdeejay/Documents/Edu/UC/Classes/Combinat
orics/project/fkm.png used on input line 335.
(pdftex.def)             Requested size: 433.62pt x 289.07977pt.

Underfull \hbox (badness 10000) in paragraph at lines 339--340

 []

[10pdfTeX warning (ext4): destination with the same identifier (name{figure.1})
 has been already used, duplicate ignored

\AtBegShi@Output ...ipout \box \AtBeginShipoutBox 
                                                  \fi \fi 
l.343 
       </Users/jayanthdeejay/Documents/Edu/UC/Classes/Combinatorics/project/exe
ctimes.png>] [11pdfTeX warning (ext4): destination with the same identifier (na
me{figure.2}) has been already used, duplicate ignored

\AtBegShi@Output ...ipout \box \AtBeginShipoutBox 
                                                  \fi \fi 
l.343 
       </Users/jayanthdeejay/Documents/Edu/UC/Classes/Combinatorics/project/duv
al.png>] [12pdfTeX warning (ext4): destination with the same identifier (name{f
igure.3}) has been already used, duplicate ignored

\AtBegShi@Output ...ipout \box \AtBeginShipoutBox 
                                                  \fi \fi 
l.343 
       </Users/jayanthdeejay/Documents/Edu/UC/Classes/Combinatorics/project/fkm
.png>]
runsystem(rm "FVS.pyg")...executed.

Package atveryend Info: Empty hook `BeforeClearDocument' on input line 424.
 [13]
Package atveryend Info: Empty hook `AfterLastShipout' on input line 424.
 (./FVS.aux)
Package atveryend Info: Executing hook `AtVeryEndDocument' on input line 424.
Package atveryend Info: Executing hook `AtEndAfterFileList' on input line 424.
Package rerunfilecheck Info: File `FVS.out' has not changed.
(rerunfilecheck)             Checksum: 9FA859453E0C6D682D50C5FB927CC974;638.
Package atveryend Info: Empty hook `AtVeryVeryEnd' on input line 424.
 ) 
Here is how much of TeX's memory you used:
 8099 strings out of 493089
 129971 string characters out of 6134842
 254425 words of memory out of 5000000
 11447 multiletter control sequences out of 15000+600000
 10460 words of font info for 37 fonts, out of 8000000 for 9000
 1142 hyphenation exceptions out of 8191
 31i,6n,35p,930b,525s stack positions out of 5000i,500n,10000p,200000b,80000s
</usr/local/texlive/2015/texmf-dist/fonts/type1/public/amsfonts/cm/cmbx12.pfb
></usr/local/texlive/2015/texmf-dist/fonts/type1/public/amsfonts/cm/cmbx8.pfb><
/usr/local/texlive/2015/texmf-dist/fonts/type1/public/amsfonts/cm/cmitt10.pfb><
/usr/local/texlive/2015/texmf-dist/fonts/type1/public/amsfonts/cm/cmmi12.pfb></
usr/local/texlive/2015/texmf-dist/fonts/type1/public/amsfonts/cm/cmmi8.pfb></us
r/local/texlive/2015/texmf-dist/fonts/type1/public/amsfonts/cm/cmr12.pfb></usr/
local/texlive/2015/texmf-dist/fonts/type1/public/amsfonts/cm/cmr17.pfb></usr/lo
cal/texlive/2015/texmf-dist/fonts/type1/public/amsfonts/cm/cmr6.pfb></usr/local
/texlive/2015/texmf-dist/fonts/type1/public/amsfonts/cm/cmr8.pfb></usr/local/te
xlive/2015/texmf-dist/fonts/type1/public/amsfonts/cm/cmsl12.pfb></usr/local/tex
live/2015/texmf-dist/fonts/type1/public/amsfonts/cm/cmsy10.pfb></usr/local/texl
ive/2015/texmf-dist/fonts/type1/public/amsfonts/cm/cmsy8.pfb></usr/local/texliv
e/2015/texmf-dist/fonts/type1/public/amsfonts/cm/cmti12.pfb></usr/local/texlive
/2015/texmf-dist/fonts/type1/public/amsfonts/cm/cmtt12.pfb>
Output written on FVS.pdf (13 pages, 267013 bytes).
PDF statistics:
 235 PDF objects out of 1000 (max. 8388607)
 198 compressed objects within 2 object streams
 43 named destinations out of 1000 (max. 500000)
 104 words of extra memory for PDF output out of 10000 (max. 10000000)

